<?xml version="1.0" encoding="UTF-8"?>
<testng-results ignored="0" total="2" passed="2" failed="0" skipped="0">
  <reporter-output>
  </reporter-output>
  <suite started-at="2023-12-15T17:29:05 IST" name="Default suite" finished-at="2023-12-15T17:30:13 IST" duration-ms="68344">
    <groups>
      <group name="cucumber">
        <method signature="AbstractTestNGCucumberTests.runScenario(io.cucumber.testng.PickleWrapper,io.cucumber.testng.FeatureWrapper)[pri:0, instance:Loginrunner.CucumberRunnerTestslandlordlogin@32eff876]" name="runScenario" class="io.cucumber.testng.AbstractTestNGCucumberTests"/>
      </group> <!-- cucumber -->
    </groups>
    <test started-at="2023-12-15T17:29:05 IST" name="Default test" finished-at="2023-12-15T17:30:13 IST" duration-ms="68344">
      <class name="Loginrunner.CucumberRunnerTestslandlordlogin">
        <test-method is-config="true" signature="setUpClass(org.testng.ITestContext)[pri:0, instance:Loginrunner.CucumberRunnerTestslandlordlogin@32eff876]" started-at="2023-12-15T17:29:05 IST" name="setUpClass" finished-at="2023-12-15T17:29:07 IST" duration-ms="2038" status="PASS">
          <params>
            <param index="0">
              <value>
                <![CDATA[org.testng.TestRunner@44b29496]]>
              </value>
            </param>
          </params>
          <reporter-output>
          </reporter-output>
        </test-method> <!-- setUpClass -->
        <test-method signature="runScenario(io.cucumber.testng.PickleWrapper,io.cucumber.testng.FeatureWrapper)[pri:0, instance:Loginrunner.CucumberRunnerTestslandlordlogin@32eff876]" started-at="2023-12-15T17:29:07 IST" name="runScenario" description="Runs Cucumber Scenarios" data-provider="scenarios" finished-at="2023-12-15T17:29:44 IST" duration-ms="36643" status="PASS">
          <params>
            <param index="0">
              <value>
                <![CDATA["This is scenerio of valid user login"]]>
              </value>
            </param>
            <param index="1">
              <value>
                <![CDATA["Login in ROC"]]>
              </value>
            </param>
          </params>
          <reporter-output>
          </reporter-output>
        </test-method> <!-- runScenario -->
        <test-method signature="runScenario(io.cucumber.testng.PickleWrapper,io.cucumber.testng.FeatureWrapper)[pri:0, instance:Loginrunner.CucumberRunnerTestslandlordlogin@32eff876]" started-at="2023-12-15T17:29:44 IST" name="runScenario" description="Runs Cucumber Scenarios" data-provider="scenarios" finished-at="2023-12-15T17:30:13 IST" duration-ms="29409" status="PASS">
          <params>
            <param index="0">
              <value>
                <![CDATA["This is scenerio of valid user login on DEV"]]>
              </value>
            </param>
            <param index="1">
              <value>
                <![CDATA["Login in ROC Dev"]]>
              </value>
            </param>
          </params>
          <reporter-output>
          </reporter-output>
        </test-method> <!-- runScenario -->
        <test-method is-config="true" signature="tearDownClass()[pri:0, instance:Loginrunner.CucumberRunnerTestslandlordlogin@32eff876]" started-at="2023-12-15T17:30:13 IST" name="tearDownClass" finished-at="2023-12-15T17:30:13 IST" duration-ms="116" status="PASS">
          <reporter-output>
          </reporter-output>
        </test-method> <!-- tearDownClass -->
      </class> <!-- Loginrunner.CucumberRunnerTestslandlordlogin -->
    </test> <!-- Default test -->
  </suite> <!-- Default suite -->
</testng-results>
